<?xml version="1.0" encoding="UTF-8"?>
<testsuite xmlns:xsi="http://www.w3.org/2001/XMLSchema-instance" xsi:noNamespaceSchemaLocation="https://maven.apache.org/surefire/maven-surefire-plugin/xsd/surefire-test-report.xsd" name="site.nomoreparties.stellarburgers.NewOrderWithAuthTests" time="6.051" tests="4" errors="1" skipped="0" failures="0">
  <properties>
[...]
</properties>
  <testcase name="getUserOrderWithoutAuth" classname="site.nomoreparties.stellarburgers.NewOrderWithAuthTests" time="1.35">
    <error message="Failed to parse the JSON document" type="io.restassured.path.json.exception.JsonPathException"><![CDATA[io.restassured.path.json.exception.JsonPathException: Failed to parse the JSON document
	at site.nomoreparties.stellarburgers.NewOrderWithAuthTests.getUserOrderWithoutAuth(NewOrderWithAuthTests.java:110)
Caused by: groovy.json.JsonException: Lexing failed on line: 1, column: 1, while reading '<', no possible valid JSON value or punctuation could be recognized.
	at site.nomoreparties.stellarburgers.NewOrderWithAuthTests.getUserOrderWithoutAuth(NewOrderWithAuthTests.java:110)
]]></error>
    <system-out><![CDATA[Request method:	POST
Request URI:	https://stellarburgers.nomoreparties.site/api/auth/register
Proxy:			<none>
Request params:	<none>
Query params:	<none>
Form params:	<none>
Path params:	<none>
Headers:		Accept=application/json, application/javascript, text/javascript, text/json
				Content-Type=application/json
Cookies:		<none>
Multiparts:		<none>
Body:
{
    "email": "LyOUyC@yandex.ru",
    "password": "fCfWpwOXLu",
    "name": "mhmBxaZaAh"
}
HTTP/1.1 200 OK
Date: Tue, 23 Aug 2022 13:17:57 GMT
Content-Type: application/json; charset=utf-8
Transfer-Encoding: chunked
Connection: keep-alive
X-Powered-By: Express
Access-Control-Allow-Origin: *
authorization: Bearer eyJhbGciOiJIUzI1NiIsInR5cCI6IkpXVCJ9.eyJpZCI6IjYzMDRkMzg1OTNlYmMyMDAxYjRiNmZkZCIsImlhdCI6MTY2MTI2MDY3NywiZXhwIjoxNjYxMjYxODc3fQ.LSvkpwpu62lA95rVzl7XSagb_Tqps0BdkTRvbPrOt1I
ETag: W/"16d-0WYKayeU1QWW2NnLafIGtKXghEw"
CF-Cache-Status: DYNAMIC
Expect-CT: max-age=604800, report-uri="https://report-uri.cloudflare.com/cdn-cgi/beacon/expect-ct"
Report-To: {"endpoints":[{"url":"https:\/\/a.nel.cloudflare.com\/report\/v3?s=6DaYQpylKb8ePdhvwzp0r0JfmX6QY8Z%2FmEg0R%2F4jXVu8IHyQwuF8mjx1IjeN4FjKbRLMfKNJ09PYEpBlA3Ynet5PZvaRsVwkRLsMUStxpfq7RBbu8LiBomf9tPpGxiSQAGbjMnIIX1NXPTP8elIuzdCaTgc%3D"}],"group":"cf-nel","max_age":604800}
NEL: {"success_fraction":0,"report_to":"cf-nel","max_age":604800}
Server: cloudflare
CF-RAY: 73f421a2c9a79d92-DME
Content-Encoding: gzip
alt-svc: h3=":443"; ma=86400, h3-29=":443"; ma=86400

{
    "success": true,
    "user": {
        "email": "lyouyc@yandex.ru",
        "name": "mhmBxaZaAh"
    },
    "accessToken": "Bearer eyJhbGciOiJIUzI1NiIsInR5cCI6IkpXVCJ9.eyJpZCI6IjYzMDRkMzg1OTNlYmMyMDAxYjRiNmZkZCIsImlhdCI6MTY2MTI2MDY3NywiZXhwIjoxNjYxMjYxODc3fQ.LSvkpwpu62lA95rVzl7XSagb_Tqps0BdkTRvbPrOt1I",
    "refreshToken": "fc551aa93ed95565bb465d87ef193e029d5583cb520a852e638bca61eefb3081fd2fe3a4f06d9f48"
}
Request method:	POST
Request URI:	https://stellarburgers.nomoreparties.site/api/auth/login
Proxy:			<none>
Request params:	<none>
Query params:	<none>
Form params:	<none>
Path params:	<none>
Headers:		Accept=application/json, application/javascript, text/javascript, text/json
				Content-Type=application/json
Cookies:		<none>
Multiparts:		<none>
Body:
{
    "email": "LyOUyC@yandex.ru",
    "password": "fCfWpwOXLu",
    "name": "mhmBxaZaAh"
}
HTTP/1.1 429 Too Many Requests
Date: Tue, 23 Aug 2022 13:17:58 GMT
Content-Type: text/html
Transfer-Encoding: chunked
Connection: keep-alive
CF-Cache-Status: DYNAMIC
Expect-CT: max-age=604800, report-uri="https://report-uri.cloudflare.com/cdn-cgi/beacon/expect-ct"
Report-To: {"endpoints":[{"url":"https:\/\/a.nel.cloudflare.com\/report\/v3?s=qNL6wTL2TPMq1Fslnr2hOLBee7wTdLw3MHZS8pERANtOUw%2FCmqgjdMWAekn2llveJmo1rm8YU%2Fq0BuDCnBc02H3q18ASqsAvHLDlmzt7YSbWUPXhkSL9%2Ffimwfs9dK7z84ZA6Fy5ynZLw%2FTXb71x7c9Y3YY%3D"}],"group":"cf-nel","max_age":604800}
NEL: {"success_fraction":0,"report_to":"cf-nel","max_age":604800}
Server: cloudflare
CF-RAY: 73f421a57a313a83-DME
alt-svc: h3=":443"; ma=86400, h3-29=":443"; ma=86400

<html>
  <head>
    <title>429 Too Many Requests</title>
  </head>
  <body>
    <center>
      <h1>429 Too Many Requests</h1>
    </center>
    <hr/>
    <center>nginx/1.18.0 (Ubuntu)</center>
  </body>
</html>
Request method:	POST
Request URI:	https://stellarburgers.nomoreparties.site/api/auth/login
Proxy:			<none>
Request params:	<none>
Query params:	<none>
Form params:	<none>
Path params:	<none>
Headers:		Accept=application/json, application/javascript, text/javascript, text/json
				Content-Type=application/json
Cookies:		<none>
Multiparts:		<none>
Body:
{
    "email": "LyOUyC@yandex.ru",
    "password": "fCfWpwOXLu",
    "name": "mhmBxaZaAh"
}
HTTP/1.1 200 OK
Date: Tue, 23 Aug 2022 13:17:58 GMT
Content-Type: application/json; charset=utf-8
Transfer-Encoding: chunked
Connection: keep-alive
X-Powered-By: Express
Access-Control-Allow-Origin: *
ETag: W/"16d-YEeJJzxTKIJK8g3vURmpo2q7O7U"
CF-Cache-Status: DYNAMIC
Expect-CT: max-age=604800, report-uri="https://report-uri.cloudflare.com/cdn-cgi/beacon/expect-ct"
Report-To: {"endpoints":[{"url":"https:\/\/a.nel.cloudflare.com\/report\/v3?s=CVkl6nwwNjWF43qZ24ViBF4XNV%2Fvp9%2BBVTKxpV%2B683x0KrxTk0AL3DpDHf%2FBRxsEkTgPd9U83mBhAEdLLzF%2BrPdJWsVePPt45lDkkQtDNSn0WaAA53Af3Ru6FnNF5h3HIgqRH%2BRrfzJ6Lf54Xj0EM9U4kO4%3D"}],"group":"cf-nel","max_age":604800}
NEL: {"success_fraction":0,"report_to":"cf-nel","max_age":604800}
Server: cloudflare
CF-RAY: 73f421a809ea76a9-DME
Content-Encoding: gzip
alt-svc: h3=":443"; ma=86400, h3-29=":443"; ma=86400

{
    "success": true,
    "accessToken": "Bearer eyJhbGciOiJIUzI1NiIsInR5cCI6IkpXVCJ9.eyJpZCI6IjYzMDRkMzg1OTNlYmMyMDAxYjRiNmZkZCIsImlhdCI6MTY2MTI2MDY3OCwiZXhwIjoxNjYxMjYxODc4fQ.L34tA0JkRXpttWM3C_tmNiW8KadWRXQ_VhjjGu_ea4o",
    "refreshToken": "21b3a1c5e02a30dec8ee7a9884e6dbb8e5945c5c7e24c61e46980c4b399aeb635099aa4e16f8264d",
    "user": {
        "email": "lyouyc@yandex.ru",
        "name": "mhmBxaZaAh"
    }
}
Request method:	DELETE
Request URI:	https://stellarburgers.nomoreparties.site/api/auth/user
Proxy:			<none>
Request params:	<none>
Query params:	<none>
Form params:	<none>
Path params:	<none>
Headers:		Authorization=Bearer eyJhbGciOiJIUzI1NiIsInR5cCI6IkpXVCJ9.eyJpZCI6IjYzMDRkMzg1OTNlYmMyMDAxYjRiNmZkZCIsImlhdCI6MTY2MTI2MDY3OCwiZXhwIjoxNjYxMjYxODc4fQ.L34tA0JkRXpttWM3C_tmNiW8KadWRXQ_VhjjGu_ea4o
				Accept=application/json
				Content-Type=application/json
Cookies:		<none>
Multiparts:		<none>
Body:			<none>
HTTP/1.1 202 Accepted
Date: Tue, 23 Aug 2022 13:17:58 GMT
Content-Type: application/json; charset=utf-8
Content-Length: 54
Connection: keep-alive
X-Powered-By: Express
Access-Control-Allow-Origin: *
ETag: W/"36-hDmZnQ3Ou/ynnqAeC6TYmyseuzY"
CF-Cache-Status: DYNAMIC
Expect-CT: max-age=604800, report-uri="https://report-uri.cloudflare.com/cdn-cgi/beacon/expect-ct"
Report-To: {"endpoints":[{"url":"https:\/\/a.nel.cloudflare.com\/report\/v3?s=bJGx6Uvib8mavDIMG6QnI5UMbTkcgYollof49EtR5p%2B5BsO95InOk34PLwS12TP2khJOjA2PAqlwpt%2FdK6GExqYSmZ1I4tVq5oN9oRkF6mm1kDUOGPGYeDag8K2I%2FM%2BeUeRLozIo8lp1OYvIAhe7SDLMzLE%3D"}],"group":"cf-nel","max_age":604800}
NEL: {"success_fraction":0,"report_to":"cf-nel","max_age":604800}
Server: cloudflare
CF-RAY: 73f421a98eeb9d57-DME
alt-svc: h3=":443"; ma=86400, h3-29=":443"; ma=86400

{
    "success": true,
    "message": "User successfully removed"
}
]]></system-out>
  </testcase>
  <testcase name="newOrderWithoutIngredients" classname="site.nomoreparties.stellarburgers.NewOrderWithAuthTests" time="1.33"/>
  <testcase name="wrongHashIngredients" classname="site.nomoreparties.stellarburgers.NewOrderWithAuthTests" time="1.421"/>
  <testcase name="newOrderTest" classname="site.nomoreparties.stellarburgers.NewOrderWithAuthTests" time="1.94"/>
</testsuite>