<?xml version="1.0" encoding="UTF-8"?>
<testsuite xmlns:xsi="http://www.w3.org/2001/XMLSchema-instance" xsi:noNamespaceSchemaLocation="https://maven.apache.org/surefire/maven-surefire-plugin/xsd/surefire-test-report.xsd" name="site.nomoreparties.stellarburgers.CreatingUserTest" time="1.021" tests="2" errors="1" skipped="0" failures="0">
  <properties>
[...]
</properties>
  <testcase name="createExistingUser" classname="site.nomoreparties.stellarburgers.CreatingUserTest" time="0.464">
    <error message="Failed to parse the JSON document" type="io.restassured.path.json.exception.JsonPathException"><![CDATA[io.restassured.path.json.exception.JsonPathException: Failed to parse the JSON document
	at site.nomoreparties.stellarburgers.CreatingUserTest.deleteUser(CreatingUserTest.java:28)
Caused by: groovy.json.JsonException: Lexing failed on line: 1, column: 1, while reading '<', no possible valid JSON value or punctuation could be recognized.
	at site.nomoreparties.stellarburgers.CreatingUserTest.deleteUser(CreatingUserTest.java:28)
]]></error>
    <system-out><![CDATA[Request method:	POST
Request URI:	https://stellarburgers.nomoreparties.site/api/auth/register
Proxy:			<none>
Request params:	<none>
Query params:	<none>
Form params:	<none>
Path params:	<none>
Headers:		Accept=application/json, application/javascript, text/javascript, text/json
				Content-Type=application/json
Cookies:		<none>
Multiparts:		<none>
Body:
{
    "email": "wZtojD@yandex.ru",
    "password": "zCeaYSpyZQ",
    "name": "FCJJDMWNlq"
}
HTTP/1.1 200 OK
Date: Tue, 23 Aug 2022 13:24:28 GMT
Content-Type: application/json; charset=utf-8
Transfer-Encoding: chunked
Connection: keep-alive
X-Powered-By: Express
Access-Control-Allow-Origin: *
authorization: Bearer eyJhbGciOiJIUzI1NiIsInR5cCI6IkpXVCJ9.eyJpZCI6IjYzMDRkNTBjOTNlYmMyMDAxYjRiNzA0YSIsImlhdCI6MTY2MTI2MTA2OCwiZXhwIjoxNjYxMjYyMjY4fQ.JeNHuYYCEsE9EO0JcKwRuSKGeyRtZC5AvCg0rhHnWBk
ETag: W/"16d-sfZ/rYC93cbDpoBZ9YpJVNZMtks"
CF-Cache-Status: DYNAMIC
Expect-CT: max-age=604800, report-uri="https://report-uri.cloudflare.com/cdn-cgi/beacon/expect-ct"
Report-To: {"endpoints":[{"url":"https:\/\/a.nel.cloudflare.com\/report\/v3?s=%2FChLgUhMwUzIsO0Wmn7cG%2Fyq%2FbeXPWBrZ97lqf%2FK%2BUjL6%2FT55i8rdxF%2BhBgWZa4tqm3wNJbs4nz0LavLNfv0rhUVxHKC2b3%2F5gcN6dADjShxFxtHFdcEtJFVw6lpvG1AVd4FHtv6fSa%2FGjelaErmnGSEaHM%3D"}],"group":"cf-nel","max_age":604800}
NEL: {"success_fraction":0,"report_to":"cf-nel","max_age":604800}
Server: cloudflare
CF-RAY: 73f42b2bea457b4b-DME
Content-Encoding: gzip
alt-svc: h3=":443"; ma=86400, h3-29=":443"; ma=86400

{
    "success": true,
    "user": {
        "email": "wztojd@yandex.ru",
        "name": "FCJJDMWNlq"
    },
    "accessToken": "Bearer eyJhbGciOiJIUzI1NiIsInR5cCI6IkpXVCJ9.eyJpZCI6IjYzMDRkNTBjOTNlYmMyMDAxYjRiNzA0YSIsImlhdCI6MTY2MTI2MTA2OCwiZXhwIjoxNjYxMjYyMjY4fQ.JeNHuYYCEsE9EO0JcKwRuSKGeyRtZC5AvCg0rhHnWBk",
    "refreshToken": "5331bc6bf21c74a411d4244b938516fa59f48b101d2f21e1264dc53c67ea5dcb58ca1cc52b4b6991"
}
Request method:	POST
Request URI:	https://stellarburgers.nomoreparties.site/api/auth/register
Proxy:			<none>
Request params:	<none>
Query params:	<none>
Form params:	<none>
Path params:	<none>
Headers:		Accept=application/json, application/javascript, text/javascript, text/json
				Content-Type=application/json
Cookies:		<none>
Multiparts:		<none>
Body:
{
    "email": "wZtojD@yandex.ru",
    "password": "zCeaYSpyZQ",
    "name": "FCJJDMWNlq"
}
HTTP/1.1 403 Forbidden
Date: Tue, 23 Aug 2022 13:24:28 GMT
Content-Type: application/json; charset=utf-8
Transfer-Encoding: chunked
Connection: keep-alive
X-Powered-By: Express
Access-Control-Allow-Origin: *
ETag: W/"31-WKEMg8zALB1Ko0WjUHi/6RBGHVc"
CF-Cache-Status: DYNAMIC
Expect-CT: max-age=604800, report-uri="https://report-uri.cloudflare.com/cdn-cgi/beacon/expect-ct"
Report-To: {"endpoints":[{"url":"https:\/\/a.nel.cloudflare.com\/report\/v3?s=p9w4sj2jsMVDB2sUo%2Fvd4TMmhPdafpHKyeXnQIosw%2BpDO%2FAD7DTEQLsgob6WbwJbBHjgTGIQRf%2B9IDeyYxlfCOWDKvecfgOHn5LoyQafwaTb990cPt5vzRvao3E9t2xCxdRrfA3xJz58ExO8Eq%2BCQVEYHJk%3D"}],"group":"cf-nel","max_age":604800}
NEL: {"success_fraction":0,"report_to":"cf-nel","max_age":604800}
Server: cloudflare
CF-RAY: 73f42b2d0d0f161c-DME
Content-Encoding: gzip
alt-svc: h3=":443"; ma=86400, h3-29=":443"; ma=86400

{
    "success": false,
    "message": "User already exists"
}
Request method:	POST
Request URI:	https://stellarburgers.nomoreparties.site/api/auth/login
Proxy:			<none>
Request params:	<none>
Query params:	<none>
Form params:	<none>
Path params:	<none>
Headers:		Accept=application/json, application/javascript, text/javascript, text/json
				Content-Type=application/json
Cookies:		<none>
Multiparts:		<none>
Body:
{
    "email": "wZtojD@yandex.ru",
    "password": "zCeaYSpyZQ",
    "name": "FCJJDMWNlq"
}
HTTP/1.1 429 Too Many Requests
Date: Tue, 23 Aug 2022 13:24:28 GMT
Content-Type: text/html
Transfer-Encoding: chunked
Connection: keep-alive
CF-Cache-Status: DYNAMIC
Expect-CT: max-age=604800, report-uri="https://report-uri.cloudflare.com/cdn-cgi/beacon/expect-ct"
Report-To: {"endpoints":[{"url":"https:\/\/a.nel.cloudflare.com\/report\/v3?s=049bUUULAH4KUYkuk%2FvKtCfCfBMBLRArzqCSLgFPkLJfj3EN8aP70ej5oXLxbLbTaPx7lj6moNZc1q2C8%2FxsHeORCtdo6bXeVq8FqOZGWZmqbI%2BGQORNflPpuDwOqC3EYlXWCWvpf9VLzhHHKtBziOjoDEc%3D"}],"group":"cf-nel","max_age":604800}
NEL: {"success_fraction":0,"report_to":"cf-nel","max_age":604800}
Server: cloudflare
CF-RAY: 73f42b2d9ca60c42-DME
alt-svc: h3=":443"; ma=86400, h3-29=":443"; ma=86400

<html>
  <head>
    <title>429 Too Many Requests</title>
  </head>
  <body>
    <center>
      <h1>429 Too Many Requests</h1>
    </center>
    <hr/>
    <center>nginx/1.18.0 (Ubuntu)</center>
  </body>
</html>
]]></system-out>
  </testcase>
  <testcase name="creatingNewUser" classname="site.nomoreparties.stellarburgers.CreatingUserTest" time="0.529"/>
</testsuite>